<?xml version="1.0" encoding="UTF-8"?>
<!-- Generated by org.testng.reporters.JUnitReportReporter -->
<testsuite hostname="Ashwin" name="com.jenkinsproject.JenkinsTest" tests="1" failures="0" timestamp="25 Sep 2015 06:58:51 GMT" time="11.101" errors="0">
  <testcase name="test" time="11.101" classname="com.jenkinsproject.JenkinsTest"/>
</testsuite> <!-- com.jenkinsproject.JenkinsTest -->
